<?xml version="1.0" encoding="UTF-8"?>
<testng-results ignored="0" total="1" passed="1" failed="0" skipped="0">
  <reporter-output>
  </reporter-output>
  <suite started-at="2024-12-03T12:08:03 IST" name="Suite" finished-at="2024-12-03T12:08:43 IST" duration-ms="39884">
    <groups>
    </groups>
    <test started-at="2024-12-03T12:08:03 IST" name="Test" finished-at="2024-12-03T12:08:43 IST" duration-ms="39884">
      <class name="testpackage.BlazeDemoTest">
        <test-method is-config="true" signature="setUp()[pri:0, instance:testpackage.BlazeDemoTest@58cbafc2]" started-at="2024-12-03T12:08:03 IST" name="setUp" finished-at="2024-12-03T12:08:33 IST" duration-ms="30411" status="PASS">
          <reporter-output>
          </reporter-output>
        </test-method> <!-- setUp -->
        <test-method signature="blazeDemoTest()[pri:0, instance:testpackage.BlazeDemoTest@58cbafc2]" started-at="2024-12-03T12:08:34 IST" name="blazeDemoTest" finished-at="2024-12-03T12:08:43 IST" duration-ms="9051" status="PASS">
          <reporter-output>
          </reporter-output>
        </test-method> <!-- blazeDemoTest -->
      </class> <!-- testpackage.BlazeDemoTest -->
    </test> <!-- Test -->
  </suite> <!-- Suite -->
</testng-results>
